# JRE version: Java(TM) SE Runtime Environment (7.0_75-b13) (build 1.7.0_75-b13)
# Java VM: Java HotSpot(TM) 64-Bit Server VM (24.75-b04 mixed mode windows-amd64 compressed oops)
Heap
 PSYoungGen      total 226816K, used 218291K [0x00000000eaa80000, 0x00000000fca00000, 0x0000000100000000)
  eden space 194048K, 95% used [0x00000000eaa80000,0x00000000f5fb1740,0x00000000f6800000)
  from space 32768K, 99% used [0x00000000f6800000,0x00000000f87fb4d0,0x00000000f8800000)
  to   space 44544K, 0% used [0x00000000f9e80000,0x00000000f9e80000,0x00000000fca00000)
 ParOldGen       total 88064K, used 70452K [0x00000000c0000000, 0x00000000c5600000, 0x00000000eaa80000)
  object space 88064K, 80% used [0x00000000c0000000,0x00000000c44cd340,0x00000000c5600000)
 PSPermGen       total 21504K, used 6115K [0x00000000bae00000, 0x00000000bc300000, 0x00000000c0000000)
  object space 21504K, 28% used [0x00000000bae00000,0x00000000bb3f8c20,0x00000000bc300000)
GC Heap History (10 events):
Event: 6.452 GC heap before
{Heap before GC invocations=8 (full 0):
 PSYoungGen      total 76800K, used 76774K [0x00000000eaa80000, 0x00000000f4980000, 0x0000000100000000)
  eden space 66048K, 100% used [0x00000000eaa80000,0x00000000eeb00000,0x00000000eeb00000)
  from space 10752K, 99% used [0x00000000eeb00000,0x00000000ef5799b8,0x00000000ef580000)
  to   space 15360K, 0% used [0x00000000f3a80000,0x00000000f3a80000,0x00000000f4980000)
 ParOldGen       total 43008K, used 25944K [0x00000000c0000000, 0x00000000c2a00000, 0x00000000eaa80000)
  object space 43008K, 60% used [0x00000000c0000000,0x00000000c1956100,0x00000000c2a00000)
 PSPermGen       total 21504K, used 5944K [0x00000000bae00000, 0x00000000bc300000, 0x00000000c0000000)
  object space 21504K, 27% used [0x00000000bae00000,0x00000000bb3ce0c8,0x00000000bc300000)
Event: 6.501 GC heap after
Heap after GC invocations=8 (full 0):
 PSYoungGen      total 142848K, used 15346K [0x00000000eaa80000, 0x00000000f5280000, 0x0000000100000000)
  eden space 127488K, 0% used [0x00000000eaa80000,0x00000000eaa80000,0x00000000f2700000)
  from space 15360K, 99% used [0x00000000f3a80000,0x00000000f497c8e0,0x00000000f4980000)
  to   space 19968K, 0% used [0x00000000f2700000,0x00000000f2700000,0x00000000f3a80000)
 ParOldGen       total 43008K, used 30957K [0x00000000c0000000, 0x00000000c2a00000, 0x00000000eaa80000)
  object space 43008K, 71% used [0x00000000c0000000,0x00000000c1e3b5e8,0x00000000c2a00000)
 PSPermGen       total 21504K, used 5944K [0x00000000bae00000, 0x00000000bc300000, 0x00000000c0000000)
  object space 21504K, 27% used [0x00000000bae00000,0x00000000bb3ce0c8,0x00000000bc300000)
}
Event: 7.697 GC heap before
{Heap before GC invocations=9 (full 0):
 PSYoungGen      total 142848K, used 142834K [0x00000000eaa80000, 0x00000000f5280000, 0x0000000100000000)
  eden space 127488K, 100% used [0x00000000eaa80000,0x00000000f2700000,0x00000000f2700000)
  from space 15360K, 99% used [0x00000000f3a80000,0x00000000f497c8e0,0x00000000f4980000)
  to   space 19968K, 0% used [0x00000000f2700000,0x00000000f2700000,0x00000000f3a80000)
 ParOldGen       total 43008K, used 30957K [0x00000000c0000000, 0x00000000c2a00000, 0x00000000eaa80000)
  object space 43008K, 71% used [0x00000000c0000000,0x00000000c1e3b5e8,0x00000000c2a00000)
 PSPermGen       total 21504K, used 6009K [0x00000000bae00000, 0x00000000bc300000, 0x00000000c0000000)
  object space 21504K, 27% used [0x00000000bae00000,0x00000000bb3de4d0,0x00000000bc300000)
Event: 7.773 GC heap after
Heap after GC invocations=9 (full 0):
 PSYoungGen      total 147456K, used 19967K [0x00000000eaa80000, 0x00000000fac00000, 0x0000000100000000)
  eden space 127488K, 0% used [0x00000000eaa80000,0x00000000eaa80000,0x00000000f2700000)
  from space 19968K, 99% used [0x00000000f2700000,0x00000000f3a7fcf8,0x00000000f3a80000)
  to   space 29696K, 0% used [0x00000000f8f00000,0x00000000f8f00000,0x00000000fac00000)
 ParOldGen       total 48128K, used 47640K [0x00000000c0000000, 0x00000000c2f00000, 0x00000000eaa80000)
  object space 48128K, 98% used [0x00000000c0000000,0x00000000c2e863a8,0x00000000c2f00000)
 PSPermGen       total 21504K, used 6009K [0x00000000bae00000, 0x00000000bc300000, 0x00000000c0000000)
  object space 21504K, 27% used [0x00000000bae00000,0x00000000bb3de4d0,0x00000000bc300000)
}
Event: 7.773 GC heap before
{Heap before GC invocations=10 (full 1):
 PSYoungGen      total 147456K, used 19967K [0x00000000eaa80000, 0x00000000fac00000, 0x0000000100000000)
  eden space 127488K, 0% used [0x00000000eaa80000,0x00000000eaa80000,0x00000000f2700000)
  from space 19968K, 99% used [0x00000000f2700000,0x00000000f3a7fcf8,0x00000000f3a80000)
  to   space 29696K, 0% used [0x00000000f8f00000,0x00000000f8f00000,0x00000000fac00000)
 ParOldGen       total 48128K, used 47640K [0x00000000c0000000, 0x00000000c2f00000, 0x00000000eaa80000)
  object space 48128K, 98% used [0x00000000c0000000,0x00000000c2e863a8,0x00000000c2f00000)
 PSPermGen       total 21504K, used 6009K [0x00000000bae00000, 0x00000000bc300000, 0x00000000c0000000)
  object space 21504K, 27% used [0x00000000bae00000,0x00000000bb3de4d0,0x00000000bc300000)
Event: 8.331 GC heap after
Heap after GC invocations=10 (full 1):
 PSYoungGen      total 147456K, used 10023K [0x00000000eaa80000, 0x00000000fac00000, 0x0000000100000000)
  eden space 127488K, 0% used [0x00000000eaa80000,0x00000000eaa80000,0x00000000f2700000)
  from space 19968K, 50% used [0x00000000f2700000,0x00000000f30c9d90,0x00000000f3a80000)
  to   space 29696K, 0% used [0x00000000f8f00000,0x00000000f8f00000,0x00000000fac00000)
 ParOldGen       total 88064K, used 47769K [0x00000000c0000000, 0x00000000c5600000, 0x00000000eaa80000)
  object space 88064K, 54% used [0x00000000c0000000,0x00000000c2ea6598,0x00000000c5600000)
 PSPermGen       total 21504K, used 6005K [0x00000000bae00000, 0x00000000bc300000, 0x00000000c0000000)
  object space 21504K, 27% used [0x00000000bae00000,0x00000000bb3dd470,0x00000000bc300000)
}
Event: 9.186 GC heap before
{Heap before GC invocations=11 (full 1):
 PSYoungGen      total 147456K, used 137511K [0x00000000eaa80000, 0x00000000fac00000, 0x0000000100000000)
  eden space 127488K, 100% used [0x00000000eaa80000,0x00000000f2700000,0x00000000f2700000)
  from space 19968K, 50% used [0x00000000f2700000,0x00000000f30c9d90,0x00000000f3a80000)
  to   space 29696K, 0% used [0x00000000f8f00000,0x00000000f8f00000,0x00000000fac00000)
 ParOldGen       total 88064K, used 47769K [0x00000000c0000000, 0x00000000c5600000, 0x00000000eaa80000)
  object space 88064K, 54% used [0x00000000c0000000,0x00000000c2ea6598,0x00000000c5600000)
 PSPermGen       total 21504K, used 6016K [0x00000000bae00000, 0x00000000bc300000, 0x00000000c0000000)
  object space 21504K, 27% used [0x00000000bae00000,0x00000000bb3e0010,0x00000000bc300000)
Event: 9.271 GC heap after
Heap after GC invocations=11 (full 1):
 PSYoungGen      total 186368K, used 25568K [0x00000000eaa80000, 0x00000000fa800000, 0x0000000100000000)
  eden space 160768K, 0% used [0x00000000eaa80000,0x00000000eaa80000,0x00000000f4780000)
  from space 25600K, 99% used [0x00000000f8f00000,0x00000000fa7f81e0,0x00000000fa800000)
  to   space 32768K, 0% used [0x00000000f6800000,0x00000000f6800000,0x00000000f8800000)
 ParOldGen       total 88064K, used 51742K [0x00000000c0000000, 0x00000000c5600000, 0x00000000eaa80000)
  object space 88064K, 58% used [0x00000000c0000000,0x00000000c3287820,0x00000000c5600000)
 PSPermGen       total 21504K, used 6016K [0x00000000bae00000, 0x00000000bc300000, 0x00000000c0000000)
  object space 21504K, 27% used [0x00000000bae00000,0x00000000bb3e0010,0x00000000bc300000)
}
Event: 10.295 GC heap before
{Heap before GC invocations=12 (full 1):
 PSYoungGen      total 186368K, used 186336K [0x00000000eaa80000, 0x00000000fa800000, 0x0000000100000000)
  eden space 160768K, 100% used [0x00000000eaa80000,0x00000000f4780000,0x00000000f4780000)
  from space 25600K, 99% used [0x00000000f8f00000,0x00000000fa7f81e0,0x00000000fa800000)
  to   space 32768K, 0% used [0x00000000f6800000,0x00000000f6800000,0x00000000f8800000)
 ParOldGen       total 88064K, used 51742K [0x00000000c0000000, 0x00000000c5600000, 0x00000000eaa80000)
  object space 88064K, 58% used [0x00000000c0000000,0x00000000c3287820,0x00000000c5600000)
 PSPermGen       total 21504K, used 6043K [0x00000000bae00000, 0x00000000bc300000, 0x00000000c0000000)
  object space 21504K, 28% used [0x00000000bae00000,0x00000000bb3e6ed8,0x00000000bc300000)
Event: 10.374 GC heap after
Heap after GC invocations=12 (full 1):
 PSYoungGen      total 226816K, used 32749K [0x00000000eaa80000, 0x00000000fca00000, 0x0000000100000000)
  eden space 194048K, 0% used [0x00000000eaa80000,0x00000000eaa80000,0x00000000f6800000)
  from space 32768K, 99% used [0x00000000f6800000,0x00000000f87fb4d0,0x00000000f8800000)
  to   space 44544K, 0% used [0x00000000f9e80000,0x00000000f9e80000,0x00000000fca00000)
 ParOldGen       total 88064K, used 70452K [0x00000000c0000000, 0x00000000c5600000, 0x00000000eaa80000)
  object space 88064K, 80% used [0x00000000c0000000,0x00000000c44cd340,0x00000000c5600000)
 PSPermGen       total 21504K, used 6043K [0x00000000bae00000, 0x00000000bc300000, 0x00000000c0000000)
  object space 21504K, 28% used [0x00000000bae00000,0x00000000bb3e6ed8,0x00000000bc300000)
}

