# JRE version: Java(TM) SE Runtime Environment (7.0_75-b13) (build 1.7.0_75-b13)
# Java VM: Java HotSpot(TM) 64-Bit Server VM (24.75-b04 mixed mode windows-amd64 compressed oops)
Heap
 PSYoungGen      total 148480K, used 100585K [0x00000000eaa80000, 0x00000000fad80000, 0x0000000100000000)
  eden space 129024K, 77% used [0x00000000eaa80000,0x00000000f0cba460,0x00000000f2880000)
  from space 19456K, 0% used [0x00000000f2880000,0x00000000f2880000,0x00000000f3b80000)
  to   space 29184K, 0% used [0x00000000f9100000,0x00000000f9100000,0x00000000fad80000)
 ParOldGen       total 48128K, used 47996K [0x00000000c0000000, 0x00000000c2f00000, 0x00000000eaa80000)
  object space 48128K, 99% used [0x00000000c0000000,0x00000000c2edf120,0x00000000c2f00000)
 PSPermGen       total 21504K, used 6115K [0x00000000bae00000, 0x00000000bc300000, 0x00000000c0000000)
  object space 21504K, 28% used [0x00000000bae00000,0x00000000bb3f8e20,0x00000000bc300000)
GC Heap History (10 events):
Event: 11.103 GC heap before
{Heap before GC invocations=11 (full 2):
 PSYoungGen      total 148480K, used 139215K [0x00000000eaa80000, 0x00000000fad80000, 0x0000000100000000)
  eden space 129024K, 100% used [0x00000000eaa80000,0x00000000f2880000,0x00000000f2880000)
  from space 19456K, 52% used [0x00000000f2880000,0x00000000f3273f90,0x00000000f3b80000)
  to   space 29184K, 0% used [0x00000000f9100000,0x00000000f9100000,0x00000000fad80000)
 ParOldGen       total 48128K, used 47756K [0x00000000c0000000, 0x00000000c2f00000, 0x00000000eaa80000)
  object space 48128K, 99% used [0x00000000c0000000,0x00000000c2ea3120,0x00000000c2f00000)
 PSPermGen       total 21504K, used 6014K [0x00000000bae00000, 0x00000000bc300000, 0x00000000c0000000)
  object space 21504K, 27% used [0x00000000bae00000,0x00000000bb3dfaa8,0x00000000bc300000)
Event: 11.548 GC heap after
Heap after GC invocations=11 (full 2):
 PSYoungGen      total 148480K, used 28414K [0x00000000eaa80000, 0x00000000fad80000, 0x0000000100000000)
  eden space 129024K, 22% used [0x00000000eaa80000,0x00000000ec63f868,0x00000000f2880000)
  from space 19456K, 0% used [0x00000000f2880000,0x00000000f2880000,0x00000000f3b80000)
  to   space 29184K, 0% used [0x00000000f9100000,0x00000000f9100000,0x00000000fad80000)
 ParOldGen       total 48128K, used 48044K [0x00000000c0000000, 0x00000000c2f00000, 0x00000000eaa80000)
  object space 48128K, 99% used [0x00000000c0000000,0x00000000c2eeb3b0,0x00000000c2f00000)
 PSPermGen       total 21504K, used 6014K [0x00000000bae00000, 0x00000000bc300000, 0x00000000c0000000)
  object space 21504K, 27% used [0x00000000bae00000,0x00000000bb3df9e8,0x00000000bc300000)
}
Event: 12.031 GC heap before
{Heap before GC invocations=12 (full 3):
 PSYoungGen      total 148480K, used 129024K [0x00000000eaa80000, 0x00000000fad80000, 0x0000000100000000)
  eden space 129024K, 100% used [0x00000000eaa80000,0x00000000f2880000,0x00000000f2880000)
  from space 19456K, 0% used [0x00000000f2880000,0x00000000f2880000,0x00000000f3b80000)
  to   space 29184K, 0% used [0x00000000f9100000,0x00000000f9100000,0x00000000fad80000)
 ParOldGen       total 48128K, used 48044K [0x00000000c0000000, 0x00000000c2f00000, 0x00000000eaa80000)
  object space 48128K, 99% used [0x00000000c0000000,0x00000000c2eeb3b0,0x00000000c2f00000)
 PSPermGen       total 21504K, used 6030K [0x00000000bae00000, 0x00000000bc300000, 0x00000000c0000000)
  object space 21504K, 28% used [0x00000000bae00000,0x00000000bb3e3b50,0x00000000bc300000)
Event: 12.428 GC heap after
Heap after GC invocations=12 (full 3):
 PSYoungGen      total 148480K, used 44036K [0x00000000eaa80000, 0x00000000fad80000, 0x0000000100000000)
  eden space 129024K, 34% used [0x00000000eaa80000,0x00000000ed581370,0x00000000f2880000)
  from space 19456K, 0% used [0x00000000f2880000,0x00000000f2880000,0x00000000f3b80000)
  to   space 29184K, 0% used [0x00000000f9100000,0x00000000f9100000,0x00000000fad80000)
 ParOldGen       total 48128K, used 47996K [0x00000000c0000000, 0x00000000c2f00000, 0x00000000eaa80000)
  object space 48128K, 99% used [0x00000000c0000000,0x00000000c2edf120,0x00000000c2f00000)
 PSPermGen       total 21504K, used 6030K [0x00000000bae00000, 0x00000000bc300000, 0x00000000c0000000)
  object space 21504K, 28% used [0x00000000bae00000,0x00000000bb3e3ab0,0x00000000bc300000)
}
Event: 12.858 GC heap before
{Heap before GC invocations=13 (full 4):
 PSYoungGen      total 148480K, used 129024K [0x00000000eaa80000, 0x00000000fad80000, 0x0000000100000000)
  eden space 129024K, 100% used [0x00000000eaa80000,0x00000000f2880000,0x00000000f2880000)
  from space 19456K, 0% used [0x00000000f2880000,0x00000000f2880000,0x00000000f3b80000)
  to   space 29184K, 0% used [0x00000000f9100000,0x00000000f9100000,0x00000000fad80000)
 ParOldGen       total 48128K, used 47996K [0x00000000c0000000, 0x00000000c2f00000, 0x00000000eaa80000)
  object space 48128K, 99% used [0x00000000c0000000,0x00000000c2edf120,0x00000000c2f00000)
 PSPermGen       total 21504K, used 6042K [0x00000000bae00000, 0x00000000bc300000, 0x00000000c0000000)
  object space 21504K, 28% used [0x00000000bae00000,0x00000000bb3e6be0,0x00000000bc300000)
Event: 13.308 GC heap after
Heap after GC invocations=13 (full 4):
 PSYoungGen      total 148480K, used 56590K [0x00000000eaa80000, 0x00000000fad80000, 0x0000000100000000)
  eden space 129024K, 43% used [0x00000000eaa80000,0x00000000ee1c3bf8,0x00000000f2880000)
  from space 19456K, 0% used [0x00000000f2880000,0x00000000f2880000,0x00000000f3b80000)
  to   space 29184K, 0% used [0x00000000f9100000,0x00000000f9100000,0x00000000fad80000)
 ParOldGen       total 48128K, used 47996K [0x00000000c0000000, 0x00000000c2f00000, 0x00000000eaa80000)
  object space 48128K, 99% used [0x00000000c0000000,0x00000000c2edf120,0x00000000c2f00000)
 PSPermGen       total 21504K, used 6042K [0x00000000bae00000, 0x00000000bc300000, 0x00000000c0000000)
  object space 21504K, 28% used [0x00000000bae00000,0x00000000bb3e6b80,0x00000000bc300000)
}
Event: 13.470 GC heap before
{Heap before GC invocations=14 (full 5):
 PSYoungGen      total 148480K, used 129024K [0x00000000eaa80000, 0x00000000fad80000, 0x0000000100000000)
  eden space 129024K, 100% used [0x00000000eaa80000,0x00000000f2880000,0x00000000f2880000)
  from space 19456K, 0% used [0x00000000f2880000,0x00000000f2880000,0x00000000f3b80000)
  to   space 29184K, 0% used [0x00000000f9100000,0x00000000f9100000,0x00000000fad80000)
 ParOldGen       total 48128K, used 47996K [0x00000000c0000000, 0x00000000c2f00000, 0x00000000eaa80000)
  object space 48128K, 99% used [0x00000000c0000000,0x00000000c2edf120,0x00000000c2f00000)
 PSPermGen       total 21504K, used 6046K [0x00000000bae00000, 0x00000000bc300000, 0x00000000c0000000)
  object space 21504K, 28% used [0x00000000bae00000,0x00000000bb3e7ad0,0x00000000bc300000)
Event: 13.918 GC heap after
Heap after GC invocations=14 (full 5):
 PSYoungGen      total 148480K, used 67492K [0x00000000eaa80000, 0x00000000fad80000, 0x0000000100000000)
  eden space 129024K, 52% used [0x00000000eaa80000,0x00000000eec69200,0x00000000f2880000)
  from space 19456K, 0% used [0x00000000f2880000,0x00000000f2880000,0x00000000f3b80000)
  to   space 29184K, 0% used [0x00000000f9100000,0x00000000f9100000,0x00000000fad80000)
 ParOldGen       total 48128K, used 47996K [0x00000000c0000000, 0x00000000c2f00000, 0x00000000eaa80000)
  object space 48128K, 99% used [0x00000000c0000000,0x00000000c2edf120,0x00000000c2f00000)
 PSPermGen       total 21504K, used 6046K [0x00000000bae00000, 0x00000000bc300000, 0x00000000c0000000)
  object space 21504K, 28% used [0x00000000bae00000,0x00000000bb3e7ab0,0x00000000bc300000)
}
Event: 14.117 GC heap before
{Heap before GC invocations=15 (full 6):
 PSYoungGen      total 148480K, used 129024K [0x00000000eaa80000, 0x00000000fad80000, 0x0000000100000000)
  eden space 129024K, 100% used [0x00000000eaa80000,0x00000000f2880000,0x00000000f2880000)
  from space 19456K, 0% used [0x00000000f2880000,0x00000000f2880000,0x00000000f3b80000)
  to   space 29184K, 0% used [0x00000000f9100000,0x00000000f9100000,0x00000000fad80000)
 ParOldGen       total 48128K, used 47996K [0x00000000c0000000, 0x00000000c2f00000, 0x00000000eaa80000)
  object space 48128K, 99% used [0x00000000c0000000,0x00000000c2edf120,0x00000000c2f00000)
 PSPermGen       total 21504K, used 6055K [0x00000000bae00000, 0x00000000bc300000, 0x00000000c0000000)
  object space 21504K, 28% used [0x00000000bae00000,0x00000000bb3e9dd0,0x00000000bc300000)
Event: 14.678 GC heap after
Heap after GC invocations=15 (full 6):
 PSYoungGen      total 148480K, used 76023K [0x00000000eaa80000, 0x00000000fad80000, 0x0000000100000000)
  eden space 129024K, 58% used [0x00000000eaa80000,0x00000000ef4bde88,0x00000000f2880000)
  from space 19456K, 0% used [0x00000000f2880000,0x00000000f2880000,0x00000000f3b80000)
  to   space 29184K, 0% used [0x00000000f9100000,0x00000000f9100000,0x00000000fad80000)
 ParOldGen       total 48128K, used 47996K [0x00000000c0000000, 0x00000000c2f00000, 0x00000000eaa80000)
  object space 48128K, 99% used [0x00000000c0000000,0x00000000c2edf120,0x00000000c2f00000)
 PSPermGen       total 21504K, used 6055K [0x00000000bae00000, 0x00000000bc300000, 0x00000000c0000000)
  object space 21504K, 28% used [0x00000000bae00000,0x00000000bb3e9d50,0x00000000bc300000)
}

