# JRE version: Java(TM) SE Runtime Environment (7.0_75-b13) (build 1.7.0_75-b13)
# Java VM: Java HotSpot(TM) 64-Bit Server VM (24.75-b04 mixed mode windows-amd64 compressed oops)
Heap
 PSYoungGen      total 148992K, used 41971K [0x00000000eaa80000, 0x00000000f4d80000, 0x0000000100000000)
  eden space 133120K, 23% used [0x00000000eaa80000,0x00000000ec902788,0x00000000f2c80000)
  from space 15872K, 67% used [0x00000000f2c80000,0x00000000f36fa750,0x00000000f3c00000)
  to   space 13824K, 0% used [0x00000000f3c00000,0x00000000f3c00000,0x00000000f4980000)
 ParOldGen       total 87040K, used 43570K [0x00000000c0000000, 0x00000000c5500000, 0x00000000eaa80000)
  object space 87040K, 50% used [0x00000000c0000000,0x00000000c2a8cba0,0x00000000c5500000)
 PSPermGen       total 21504K, used 5995K [0x00000000bae00000, 0x00000000bc300000, 0x00000000c0000000)
  object space 21504K, 27% used [0x00000000bae00000,0x00000000bb3dad40,0x00000000bc300000)
GC Heap History (10 events):
Event: 5.059 GC heap before
{Heap before GC invocations=4 (full 0):
 PSYoungGen      total 36352K, used 36332K [0x00000000eaa80000, 0x00000000ef180000, 0x0000000100000000)
  eden space 33792K, 100% used [0x00000000eaa80000,0x00000000ecb80000,0x00000000ecb80000)
  from space 2560K, 99% used [0x00000000ecb80000,0x00000000ecdfb380,0x00000000ece00000)
  to   space 2560K, 0% used [0x00000000eef00000,0x00000000eef00000,0x00000000ef180000)
 ParOldGen       total 43008K, used 10063K [0x00000000c0000000, 0x00000000c2a00000, 0x00000000eaa80000)
  object space 43008K, 23% used [0x00000000c0000000,0x00000000c09d3cd8,0x00000000c2a00000)
 PSPermGen       total 21504K, used 5861K [0x00000000bae00000, 0x00000000bc300000, 0x00000000c0000000)
  object space 21504K, 27% used [0x00000000bae00000,0x00000000bb3b9630,0x00000000bc300000)
Event: 5.086 GC heap after
Heap after GC invocations=4 (full 0):
 PSYoungGen      total 70144K, used 2528K [0x00000000eaa80000, 0x00000000ef180000, 0x0000000100000000)
  eden space 67584K, 0% used [0x00000000eaa80000,0x00000000eaa80000,0x00000000eec80000)
  from space 2560K, 98% used [0x00000000eef00000,0x00000000ef178388,0x00000000ef180000)
  to   space 2560K, 0% used [0x00000000eec80000,0x00000000eec80000,0x00000000eef00000)
 ParOldGen       total 43008K, used 15882K [0x00000000c0000000, 0x00000000c2a00000, 0x00000000eaa80000)
  object space 43008K, 36% used [0x00000000c0000000,0x00000000c0f82958,0x00000000c2a00000)
 PSPermGen       total 21504K, used 5861K [0x00000000bae00000, 0x00000000bc300000, 0x00000000c0000000)
  object space 21504K, 27% used [0x00000000bae00000,0x00000000bb3b9630,0x00000000bc300000)
}
Event: 5.976 GC heap before
{Heap before GC invocations=5 (full 0):
 PSYoungGen      total 70144K, used 70112K [0x00000000eaa80000, 0x00000000ef180000, 0x0000000100000000)
  eden space 67584K, 100% used [0x00000000eaa80000,0x00000000eec80000,0x00000000eec80000)
  from space 2560K, 98% used [0x00000000eef00000,0x00000000ef178388,0x00000000ef180000)
  to   space 2560K, 0% used [0x00000000eec80000,0x00000000eec80000,0x00000000eef00000)
 ParOldGen       total 43008K, used 15882K [0x00000000c0000000, 0x00000000c2a00000, 0x00000000eaa80000)
  object space 43008K, 36% used [0x00000000c0000000,0x00000000c0f82958,0x00000000c2a00000)
 PSPermGen       total 21504K, used 5903K [0x00000000bae00000, 0x00000000bc300000, 0x00000000c0000000)
  object space 21504K, 27% used [0x00000000bae00000,0x00000000bb3c3dc0,0x00000000bc300000)
Event: 6.014 GC heap after
Heap after GC invocations=5 (full 0):
 PSYoungGen      total 70144K, used 2545K [0x00000000eaa80000, 0x00000000f4980000, 0x0000000100000000)
  eden space 67584K, 0% used [0x00000000eaa80000,0x00000000eaa80000,0x00000000eec80000)
  from space 2560K, 99% used [0x00000000eec80000,0x00000000eeefc470,0x00000000eef00000)
  to   space 13824K, 0% used [0x00000000f3c00000,0x00000000f3c00000,0x00000000f4980000)
 ParOldGen       total 43008K, used 26609K [0x00000000c0000000, 0x00000000c2a00000, 0x00000000eaa80000)
  object space 43008K, 61% used [0x00000000c0000000,0x00000000c19fc760,0x00000000c2a00000)
 PSPermGen       total 21504K, used 5903K [0x00000000bae00000, 0x00000000bc300000, 0x00000000c0000000)
  object space 21504K, 27% used [0x00000000bae00000,0x00000000bb3c3dc0,0x00000000bc300000)
}
Event: 6.714 GC heap before
{Heap before GC invocations=6 (full 0):
 PSYoungGen      total 70144K, used 70129K [0x00000000eaa80000, 0x00000000f4980000, 0x0000000100000000)
  eden space 67584K, 100% used [0x00000000eaa80000,0x00000000eec80000,0x00000000eec80000)
  from space 2560K, 99% used [0x00000000eec80000,0x00000000eeefc470,0x00000000eef00000)
  to   space 13824K, 0% used [0x00000000f3c00000,0x00000000f3c00000,0x00000000f4980000)
 ParOldGen       total 43008K, used 26609K [0x00000000c0000000, 0x00000000c2a00000, 0x00000000eaa80000)
  object space 43008K, 61% used [0x00000000c0000000,0x00000000c19fc760,0x00000000c2a00000)
 PSPermGen       total 21504K, used 5929K [0x00000000bae00000, 0x00000000bc300000, 0x00000000c0000000)
  object space 21504K, 27% used [0x00000000bae00000,0x00000000bb3ca640,0x00000000bc300000)
Event: 6.755 GC heap after
Heap after GC invocations=6 (full 0):
 PSYoungGen      total 146944K, used 13002K [0x00000000eaa80000, 0x00000000f4d80000, 0x0000000100000000)
  eden space 133120K, 0% used [0x00000000eaa80000,0x00000000eaa80000,0x00000000f2c80000)
  from space 13824K, 94% used [0x00000000f3c00000,0x00000000f48b2bc0,0x00000000f4980000)
  to   space 15872K, 0% used [0x00000000f2c80000,0x00000000f2c80000,0x00000000f3c00000)
 ParOldGen       total 43008K, used 26609K [0x00000000c0000000, 0x00000000c2a00000, 0x00000000eaa80000)
  object space 43008K, 61% used [0x00000000c0000000,0x00000000c19fc760,0x00000000c2a00000)
 PSPermGen       total 21504K, used 5929K [0x00000000bae00000, 0x00000000bc300000, 0x00000000c0000000)
  object space 21504K, 27% used [0x00000000bae00000,0x00000000bb3ca640,0x00000000bc300000)
}
Event: 7.842 GC heap before
{Heap before GC invocations=7 (full 0):
 PSYoungGen      total 146944K, used 146122K [0x00000000eaa80000, 0x00000000f4d80000, 0x0000000100000000)
  eden space 133120K, 100% used [0x00000000eaa80000,0x00000000f2c80000,0x00000000f2c80000)
  from space 13824K, 94% used [0x00000000f3c00000,0x00000000f48b2bc0,0x00000000f4980000)
  to   space 15872K, 0% used [0x00000000f2c80000,0x00000000f2c80000,0x00000000f3c00000)
 ParOldGen       total 43008K, used 26609K [0x00000000c0000000, 0x00000000c2a00000, 0x00000000eaa80000)
  object space 43008K, 61% used [0x00000000c0000000,0x00000000c19fc760,0x00000000c2a00000)
 PSPermGen       total 21504K, used 5998K [0x00000000bae00000, 0x00000000bc300000, 0x00000000c0000000)
  object space 21504K, 27% used [0x00000000bae00000,0x00000000bb3dbaf0,0x00000000bc300000)
Event: 7.924 GC heap after
Heap after GC invocations=7 (full 0):
 PSYoungGen      total 148992K, used 15870K [0x00000000eaa80000, 0x00000000f4d80000, 0x0000000100000000)
  eden space 133120K, 0% used [0x00000000eaa80000,0x00000000eaa80000,0x00000000f2c80000)
  from space 15872K, 99% used [0x00000000f2c80000,0x00000000f3bffb18,0x00000000f3c00000)
  to   space 13824K, 0% used [0x00000000f3c00000,0x00000000f3c00000,0x00000000f4980000)
 ParOldGen       total 44032K, used 43906K [0x00000000c0000000, 0x00000000c2b00000, 0x00000000eaa80000)
  object space 44032K, 99% used [0x00000000c0000000,0x00000000c2ae0b90,0x00000000c2b00000)
 PSPermGen       total 21504K, used 5998K [0x00000000bae00000, 0x00000000bc300000, 0x00000000c0000000)
  object space 21504K, 27% used [0x00000000bae00000,0x00000000bb3dbaf0,0x00000000bc300000)
}
Event: 7.924 GC heap before
{Heap before GC invocations=8 (full 1):
 PSYoungGen      total 148992K, used 15870K [0x00000000eaa80000, 0x00000000f4d80000, 0x0000000100000000)
  eden space 133120K, 0% used [0x00000000eaa80000,0x00000000eaa80000,0x00000000f2c80000)
  from space 15872K, 99% used [0x00000000f2c80000,0x00000000f3bffb18,0x00000000f3c00000)
  to   space 13824K, 0% used [0x00000000f3c00000,0x00000000f3c00000,0x00000000f4980000)
 ParOldGen       total 44032K, used 43906K [0x00000000c0000000, 0x00000000c2b00000, 0x00000000eaa80000)
  object space 44032K, 99% used [0x00000000c0000000,0x00000000c2ae0b90,0x00000000c2b00000)
 PSPermGen       total 21504K, used 5998K [0x00000000bae00000, 0x00000000bc300000, 0x00000000c0000000)
  object space 21504K, 27% used [0x00000000bae00000,0x00000000bb3dbaf0,0x00000000bc300000)
Event: 8.465 GC heap after
Heap after GC invocations=8 (full 1):
 PSYoungGen      total 148992K, used 10729K [0x00000000eaa80000, 0x00000000f4d80000, 0x0000000100000000)
  eden space 133120K, 0% used [0x00000000eaa80000,0x00000000eaa80000,0x00000000f2c80000)
  from space 15872K, 67% used [0x00000000f2c80000,0x00000000f36fa750,0x00000000f3c00000)
  to   space 13824K, 0% used [0x00000000f3c00000,0x00000000f3c00000,0x00000000f4980000)
 ParOldGen       total 87040K, used 43570K [0x00000000c0000000, 0x00000000c5500000, 0x00000000eaa80000)
  object space 87040K, 50% used [0x00000000c0000000,0x00000000c2a8cba0,0x00000000c5500000)
 PSPermGen       total 21504K, used 5994K [0x00000000bae00000, 0x00000000bc300000, 0x00000000c0000000)
  object space 21504K, 27% used [0x00000000bae00000,0x00000000bb3da8b0,0x00000000bc300000)
}

