# JRE version: Java(TM) SE Runtime Environment (7.0_75-b13) (build 1.7.0_75-b13)
# Java VM: Java HotSpot(TM) 64-Bit Server VM (24.75-b04 mixed mode windows-amd64 compressed oops)
Heap
 PSYoungGen      total 148480K, used 14693K [0x00000000eaa80000, 0x00000000f4c80000, 0x0000000100000000)
  eden space 133120K, 3% used [0x00000000eaa80000,0x00000000eaf697a0,0x00000000f2c80000)
  from space 15360K, 62% used [0x00000000f2c80000,0x00000000f35efee8,0x00000000f3b80000)
  to   space 13312K, 0% used [0x00000000f3b80000,0x00000000f3b80000,0x00000000f4880000)
 ParOldGen       total 88576K, used 44394K [0x00000000c0000000, 0x00000000c5680000, 0x00000000eaa80000)
  object space 88576K, 50% used [0x00000000c0000000,0x00000000c2b5a9c0,0x00000000c5680000)
 PSPermGen       total 21504K, used 6005K [0x00000000bae00000, 0x00000000bc300000, 0x00000000c0000000)
  object space 21504K, 27% used [0x00000000bae00000,0x00000000bb3dd730,0x00000000bc300000)
GC Heap History (10 events):
Event: 5.862 GC heap before
{Heap before GC invocations=4 (full 0):
 PSYoungGen      total 36352K, used 36348K [0x00000000eaa80000, 0x00000000ef180000, 0x0000000100000000)
  eden space 33792K, 100% used [0x00000000eaa80000,0x00000000ecb80000,0x00000000ecb80000)
  from space 2560K, 99% used [0x00000000ecb80000,0x00000000ecdff390,0x00000000ece00000)
  to   space 2560K, 0% used [0x00000000eef00000,0x00000000eef00000,0x00000000ef180000)
 ParOldGen       total 43008K, used 9931K [0x00000000c0000000, 0x00000000c2a00000, 0x00000000eaa80000)
  object space 43008K, 23% used [0x00000000c0000000,0x00000000c09b2e68,0x00000000c2a00000)
 PSPermGen       total 21504K, used 5867K [0x00000000bae00000, 0x00000000bc300000, 0x00000000c0000000)
  object space 21504K, 27% used [0x00000000bae00000,0x00000000bb3bae98,0x00000000bc300000)
Event: 5.887 GC heap after
Heap after GC invocations=4 (full 0):
 PSYoungGen      total 70144K, used 2538K [0x00000000eaa80000, 0x00000000ef180000, 0x0000000100000000)
  eden space 67584K, 0% used [0x00000000eaa80000,0x00000000eaa80000,0x00000000eec80000)
  from space 2560K, 99% used [0x00000000eef00000,0x00000000ef17aad8,0x00000000ef180000)
  to   space 2560K, 0% used [0x00000000eec80000,0x00000000eec80000,0x00000000eef00000)
 ParOldGen       total 43008K, used 15357K [0x00000000c0000000, 0x00000000c2a00000, 0x00000000eaa80000)
  object space 43008K, 35% used [0x00000000c0000000,0x00000000c0eff4a0,0x00000000c2a00000)
 PSPermGen       total 21504K, used 5867K [0x00000000bae00000, 0x00000000bc300000, 0x00000000c0000000)
  object space 21504K, 27% used [0x00000000bae00000,0x00000000bb3bae98,0x00000000bc300000)
}
Event: 7.284 GC heap before
{Heap before GC invocations=5 (full 0):
 PSYoungGen      total 70144K, used 70122K [0x00000000eaa80000, 0x00000000ef180000, 0x0000000100000000)
  eden space 67584K, 100% used [0x00000000eaa80000,0x00000000eec80000,0x00000000eec80000)
  from space 2560K, 99% used [0x00000000eef00000,0x00000000ef17aad8,0x00000000ef180000)
  to   space 2560K, 0% used [0x00000000eec80000,0x00000000eec80000,0x00000000eef00000)
 ParOldGen       total 43008K, used 15357K [0x00000000c0000000, 0x00000000c2a00000, 0x00000000eaa80000)
  object space 43008K, 35% used [0x00000000c0000000,0x00000000c0eff4a0,0x00000000c2a00000)
 PSPermGen       total 21504K, used 5909K [0x00000000bae00000, 0x00000000bc300000, 0x00000000c0000000)
  object space 21504K, 27% used [0x00000000bae00000,0x00000000bb3c5750,0x00000000bc300000)
Event: 7.326 GC heap after
Heap after GC invocations=5 (full 0):
 PSYoungGen      total 70144K, used 2535K [0x00000000eaa80000, 0x00000000f4880000, 0x0000000100000000)
  eden space 67584K, 0% used [0x00000000eaa80000,0x00000000eaa80000,0x00000000eec80000)
  from space 2560K, 99% used [0x00000000eec80000,0x00000000eeef9f90,0x00000000eef00000)
  to   space 13312K, 0% used [0x00000000f3b80000,0x00000000f3b80000,0x00000000f4880000)
 ParOldGen       total 43008K, used 26076K [0x00000000c0000000, 0x00000000c2a00000, 0x00000000eaa80000)
  object space 43008K, 60% used [0x00000000c0000000,0x00000000c1977270,0x00000000c2a00000)
 PSPermGen       total 21504K, used 5909K [0x00000000bae00000, 0x00000000bc300000, 0x00000000c0000000)
  object space 21504K, 27% used [0x00000000bae00000,0x00000000bb3c5750,0x00000000bc300000)
}
Event: 8.269 GC heap before
{Heap before GC invocations=6 (full 0):
 PSYoungGen      total 70144K, used 70119K [0x00000000eaa80000, 0x00000000f4880000, 0x0000000100000000)
  eden space 67584K, 100% used [0x00000000eaa80000,0x00000000eec80000,0x00000000eec80000)
  from space 2560K, 99% used [0x00000000eec80000,0x00000000eeef9f90,0x00000000eef00000)
  to   space 13312K, 0% used [0x00000000f3b80000,0x00000000f3b80000,0x00000000f4880000)
 ParOldGen       total 43008K, used 26076K [0x00000000c0000000, 0x00000000c2a00000, 0x00000000eaa80000)
  object space 43008K, 60% used [0x00000000c0000000,0x00000000c1977270,0x00000000c2a00000)
 PSPermGen       total 21504K, used 5941K [0x00000000bae00000, 0x00000000bc300000, 0x00000000c0000000)
  object space 21504K, 27% used [0x00000000bae00000,0x00000000bb3cd678,0x00000000bc300000)
Event: 8.297 GC heap after
Heap after GC invocations=6 (full 0):
 PSYoungGen      total 146432K, used 13074K [0x00000000eaa80000, 0x00000000f4c80000, 0x0000000100000000)
  eden space 133120K, 0% used [0x00000000eaa80000,0x00000000eaa80000,0x00000000f2c80000)
  from space 13312K, 98% used [0x00000000f3b80000,0x00000000f48448e8,0x00000000f4880000)
  to   space 15360K, 0% used [0x00000000f2c80000,0x00000000f2c80000,0x00000000f3b80000)
 ParOldGen       total 43008K, used 26076K [0x00000000c0000000, 0x00000000c2a00000, 0x00000000eaa80000)
  object space 43008K, 60% used [0x00000000c0000000,0x00000000c1977270,0x00000000c2a00000)
 PSPermGen       total 21504K, used 5941K [0x00000000bae00000, 0x00000000bc300000, 0x00000000c0000000)
  object space 21504K, 27% used [0x00000000bae00000,0x00000000bb3cd678,0x00000000bc300000)
}
Event: 10.366 GC heap before
{Heap before GC invocations=7 (full 0):
 PSYoungGen      total 146432K, used 146194K [0x00000000eaa80000, 0x00000000f4c80000, 0x0000000100000000)
  eden space 133120K, 100% used [0x00000000eaa80000,0x00000000f2c80000,0x00000000f2c80000)
  from space 13312K, 98% used [0x00000000f3b80000,0x00000000f48448e8,0x00000000f4880000)
  to   space 15360K, 0% used [0x00000000f2c80000,0x00000000f2c80000,0x00000000f3b80000)
 ParOldGen       total 43008K, used 26076K [0x00000000c0000000, 0x00000000c2a00000, 0x00000000eaa80000)
  object space 43008K, 60% used [0x00000000c0000000,0x00000000c1977270,0x00000000c2a00000)
 PSPermGen       total 21504K, used 6009K [0x00000000bae00000, 0x00000000bc300000, 0x00000000c0000000)
  object space 21504K, 27% used [0x00000000bae00000,0x00000000bb3de750,0x00000000bc300000)
Event: 10.527 GC heap after
Heap after GC invocations=7 (full 0):
 PSYoungGen      total 148480K, used 15342K [0x00000000eaa80000, 0x00000000f4c80000, 0x0000000100000000)
  eden space 133120K, 0% used [0x00000000eaa80000,0x00000000eaa80000,0x00000000f2c80000)
  from space 15360K, 99% used [0x00000000f2c80000,0x00000000f3b7bb28,0x00000000f3b80000)
  to   space 13312K, 0% used [0x00000000f3b80000,0x00000000f3b80000,0x00000000f4880000)
 ParOldGen       total 44544K, used 44143K [0x00000000c0000000, 0x00000000c2b80000, 0x00000000eaa80000)
  object space 44544K, 99% used [0x00000000c0000000,0x00000000c2b1bcf8,0x00000000c2b80000)
 PSPermGen       total 21504K, used 6009K [0x00000000bae00000, 0x00000000bc300000, 0x00000000c0000000)
  object space 21504K, 27% used [0x00000000bae00000,0x00000000bb3de750,0x00000000bc300000)
}
Event: 10.527 GC heap before
{Heap before GC invocations=8 (full 1):
 PSYoungGen      total 148480K, used 15342K [0x00000000eaa80000, 0x00000000f4c80000, 0x0000000100000000)
  eden space 133120K, 0% used [0x00000000eaa80000,0x00000000eaa80000,0x00000000f2c80000)
  from space 15360K, 99% used [0x00000000f2c80000,0x00000000f3b7bb28,0x00000000f3b80000)
  to   space 13312K, 0% used [0x00000000f3b80000,0x00000000f3b80000,0x00000000f4880000)
 ParOldGen       total 44544K, used 44143K [0x00000000c0000000, 0x00000000c2b80000, 0x00000000eaa80000)
  object space 44544K, 99% used [0x00000000c0000000,0x00000000c2b1bcf8,0x00000000c2b80000)
 PSPermGen       total 21504K, used 6009K [0x00000000bae00000, 0x00000000bc300000, 0x00000000c0000000)
  object space 21504K, 27% used [0x00000000bae00000,0x00000000bb3de750,0x00000000bc300000)
Event: 11.299 GC heap after
Heap after GC invocations=8 (full 1):
 PSYoungGen      total 148480K, used 9663K [0x00000000eaa80000, 0x00000000f4c80000, 0x0000000100000000)
  eden space 133120K, 0% used [0x00000000eaa80000,0x00000000eaa80000,0x00000000f2c80000)
  from space 15360K, 62% used [0x00000000f2c80000,0x00000000f35efee8,0x00000000f3b80000)
  to   space 13312K, 0% used [0x00000000f3b80000,0x00000000f3b80000,0x00000000f4880000)
 ParOldGen       total 88576K, used 44394K [0x00000000c0000000, 0x00000000c5680000, 0x00000000eaa80000)
  object space 88576K, 50% used [0x00000000c0000000,0x00000000c2b5a9c0,0x00000000c5680000)
 PSPermGen       total 21504K, used 6005K [0x00000000bae00000, 0x00000000bc300000, 0x00000000c0000000)
  object space 21504K, 27% used [0x00000000bae00000,0x00000000bb3dd730,0x00000000bc300000)
}

